[2026-06-18 09:50:53,883: INFO: __init__]: Logging setup complete.
[2026-06-18 09:51:11,217: INFO: __init__]: Logging setup complete.
[2026-06-18 09:51:21,018: INFO: _client]: HTTP Request: GET https://huggingface.co/api/agent-harnesses "HTTP/1.1 200 OK"
[2026-06-18 09:51:21,291: INFO: _client]: HTTP Request: HEAD https://huggingface.co/BAAI/bge-small-en-v1.5/resolve/main/modules.json "HTTP/1.1 307 Temporary Redirect"
[2026-06-18 09:51:21,292: WARNING: _http]: Warning: You are sending unauthenticated requests to the HF Hub. Please set a HF_TOKEN to enable higher rate limits and faster downloads.
[2026-06-18 09:51:21,687: INFO: _client]: HTTP Request: HEAD https://huggingface.co/api/resolve-cache/models/BAAI/bge-small-en-v1.5/5c38ec7c405ec4b44b94cc5a9bb96e735b38267a/modules.json "HTTP/1.1 200 OK"
[2026-06-18 09:51:22,153: INFO: _client]: HTTP Request: HEAD https://huggingface.co/BAAI/bge-small-en-v1.5/resolve/main/config_sentence_transformers.json "HTTP/1.1 307 Temporary Redirect"
[2026-06-18 09:51:22,225: INFO: _client]: HTTP Request: HEAD https://huggingface.co/api/resolve-cache/models/BAAI/bge-small-en-v1.5/5c38ec7c405ec4b44b94cc5a9bb96e735b38267a/config_sentence_transformers.json "HTTP/1.1 200 OK"
[2026-06-18 09:51:22,226: INFO: model]: Loading SentenceTransformer model from BAAI/bge-small-en-v1.5.
[2026-06-18 09:51:22,615: INFO: _client]: HTTP Request: HEAD https://huggingface.co/BAAI/bge-small-en-v1.5/resolve/main/config_sentence_transformers.json "HTTP/1.1 307 Temporary Redirect"
[2026-06-18 09:51:22,680: INFO: _client]: HTTP Request: HEAD https://huggingface.co/api/resolve-cache/models/BAAI/bge-small-en-v1.5/5c38ec7c405ec4b44b94cc5a9bb96e735b38267a/config_sentence_transformers.json "HTTP/1.1 200 OK"
[2026-06-18 09:51:22,936: INFO: _client]: HTTP Request: HEAD https://huggingface.co/BAAI/bge-small-en-v1.5/resolve/main/README.md "HTTP/1.1 307 Temporary Redirect"
[2026-06-18 09:51:23,121: INFO: _client]: HTTP Request: HEAD https://huggingface.co/api/resolve-cache/models/BAAI/bge-small-en-v1.5/5c38ec7c405ec4b44b94cc5a9bb96e735b38267a/README.md "HTTP/1.1 200 OK"
[2026-06-18 09:51:23,601: INFO: _client]: HTTP Request: HEAD https://huggingface.co/BAAI/bge-small-en-v1.5/resolve/main/modules.json "HTTP/1.1 307 Temporary Redirect"
[2026-06-18 09:51:23,696: INFO: _client]: HTTP Request: HEAD https://huggingface.co/api/resolve-cache/models/BAAI/bge-small-en-v1.5/5c38ec7c405ec4b44b94cc5a9bb96e735b38267a/modules.json "HTTP/1.1 200 OK"
[2026-06-18 09:51:24,098: INFO: _client]: HTTP Request: HEAD https://huggingface.co/BAAI/bge-small-en-v1.5/resolve/main/sentence_bert_config.json "HTTP/1.1 307 Temporary Redirect"
[2026-06-18 09:51:24,316: INFO: _client]: HTTP Request: HEAD https://huggingface.co/api/resolve-cache/models/BAAI/bge-small-en-v1.5/5c38ec7c405ec4b44b94cc5a9bb96e735b38267a/sentence_bert_config.json "HTTP/1.1 200 OK"
[2026-06-18 09:51:24,593: INFO: _client]: HTTP Request: HEAD https://huggingface.co/BAAI/bge-small-en-v1.5/resolve/main/adapter_config.json "HTTP/1.1 404 Not Found"
[2026-06-18 09:51:24,892: INFO: _client]: HTTP Request: HEAD https://huggingface.co/BAAI/bge-small-en-v1.5/resolve/main/config.json "HTTP/1.1 307 Temporary Redirect"
[2026-06-18 09:51:25,027: INFO: _client]: HTTP Request: HEAD https://huggingface.co/api/resolve-cache/models/BAAI/bge-small-en-v1.5/5c38ec7c405ec4b44b94cc5a9bb96e735b38267a/config.json "HTTP/1.1 200 OK"
[2026-06-18 09:51:25,703: INFO: _client]: HTTP Request: HEAD https://huggingface.co/BAAI/bge-small-en-v1.5/resolve/main/processor_config.json "HTTP/1.1 404 Not Found"
[2026-06-18 09:51:25,984: INFO: _client]: HTTP Request: HEAD https://huggingface.co/BAAI/bge-small-en-v1.5/resolve/main/preprocessor_config.json "HTTP/1.1 404 Not Found"
[2026-06-18 09:51:26,250: INFO: _client]: HTTP Request: HEAD https://huggingface.co/BAAI/bge-small-en-v1.5/resolve/main/video_preprocessor_config.json "HTTP/1.1 404 Not Found"
[2026-06-18 09:51:26,520: INFO: _client]: HTTP Request: HEAD https://huggingface.co/BAAI/bge-small-en-v1.5/resolve/main/preprocessor_config.json "HTTP/1.1 404 Not Found"
[2026-06-18 09:51:26,787: INFO: _client]: HTTP Request: HEAD https://huggingface.co/BAAI/bge-small-en-v1.5/resolve/main/tokenizer_config.json "HTTP/1.1 307 Temporary Redirect"
[2026-06-18 09:51:27,193: INFO: _client]: HTTP Request: HEAD https://huggingface.co/api/resolve-cache/models/BAAI/bge-small-en-v1.5/5c38ec7c405ec4b44b94cc5a9bb96e735b38267a/tokenizer_config.json "HTTP/1.1 200 OK"
[2026-06-18 09:51:27,460: INFO: _client]: HTTP Request: HEAD https://huggingface.co/BAAI/bge-small-en-v1.5/resolve/main/config.json "HTTP/1.1 307 Temporary Redirect"
[2026-06-18 09:51:27,506: INFO: _client]: HTTP Request: HEAD https://huggingface.co/api/resolve-cache/models/BAAI/bge-small-en-v1.5/5c38ec7c405ec4b44b94cc5a9bb96e735b38267a/config.json "HTTP/1.1 200 OK"
[2026-06-18 09:51:27,847: INFO: _client]: HTTP Request: HEAD https://huggingface.co/BAAI/bge-small-en-v1.5/resolve/main/config.json "HTTP/1.1 307 Temporary Redirect"
[2026-06-18 09:51:27,885: INFO: _client]: HTTP Request: HEAD https://huggingface.co/api/resolve-cache/models/BAAI/bge-small-en-v1.5/5c38ec7c405ec4b44b94cc5a9bb96e735b38267a/config.json "HTTP/1.1 200 OK"
[2026-06-18 09:51:28,173: INFO: _client]: HTTP Request: HEAD https://huggingface.co/BAAI/bge-small-en-v1.5/resolve/main/tokenizer_config.json "HTTP/1.1 307 Temporary Redirect"
[2026-06-18 09:51:28,280: INFO: _client]: HTTP Request: HEAD https://huggingface.co/api/resolve-cache/models/BAAI/bge-small-en-v1.5/5c38ec7c405ec4b44b94cc5a9bb96e735b38267a/tokenizer_config.json "HTTP/1.1 200 OK"
[2026-06-18 09:51:28,552: INFO: _client]: HTTP Request: GET https://huggingface.co/api/models/BAAI/bge-small-en-v1.5/tree/main/additional_chat_templates?recursive=false&expand=false "HTTP/1.1 404 Not Found"
[2026-06-18 09:51:28,833: INFO: _client]: HTTP Request: GET https://huggingface.co/api/models/BAAI/bge-small-en-v1.5/tree/main?recursive=true&expand=false "HTTP/1.1 200 OK"
[2026-06-18 09:51:29,389: INFO: _client]: HTTP Request: HEAD https://huggingface.co/BAAI/bge-small-en-v1.5/resolve/main/1_Pooling/config.json "HTTP/1.1 307 Temporary Redirect"
[2026-06-18 09:51:29,462: INFO: _client]: HTTP Request: HEAD https://huggingface.co/api/resolve-cache/models/BAAI/bge-small-en-v1.5/5c38ec7c405ec4b44b94cc5a9bb96e735b38267a/1_Pooling%2Fconfig.json "HTTP/1.1 200 OK"
[2026-06-18 09:51:29,734: INFO: _client]: HTTP Request: GET https://huggingface.co/api/models/BAAI/bge-small-en-v1.5 "HTTP/1.1 200 OK"
[2026-06-18 09:51:29,969: INFO: loader]: Loading faiss with AVX512 support.
[2026-06-18 09:51:29,969: INFO: loader]: Could not load library with AVX512 support due to:
ModuleNotFoundError("No module named 'faiss.swigfaiss_avx512'")
[2026-06-18 09:51:29,969: INFO: loader]: Loading faiss with AVX2 support.
[2026-06-18 09:51:29,969: INFO: loader]: Could not load library with AVX2 support due to:
ModuleNotFoundError("No module named 'faiss.swigfaiss_avx2'")
[2026-06-18 09:51:29,969: INFO: loader]: Loading faiss.
[2026-06-18 09:51:30,030: INFO: loader]: Successfully loaded faiss.
[2026-06-18 09:51:32,237: INFO: model]: No device provided, using cuda:0
[2026-06-18 09:51:32,630: INFO: _client]: HTTP Request: HEAD https://huggingface.co/cross-encoder/ms-marco-MiniLM-L-6-v2/resolve/main/modules.json "HTTP/1.1 307 Temporary Redirect"
[2026-06-18 09:51:32,954: INFO: _client]: HTTP Request: HEAD https://huggingface.co/cross-encoder/ms-marco-MiniLM-L6-v2/resolve/main/modules.json "HTTP/1.1 404 Not Found"
[2026-06-18 09:51:32,963: INFO: model]: No modules.json found for cross-encoder/ms-marco-MiniLM-L-6-v2, initializing a new CrossEncoder model.
[2026-06-18 09:51:33,377: INFO: _client]: HTTP Request: GET https://huggingface.co/api/models/cross-encoder/ms-marco-MiniLM-L-6-v2 "HTTP/1.1 307 Temporary Redirect"
[2026-06-18 09:51:33,754: INFO: _client]: HTTP Request: GET https://huggingface.co/api/models/cross-encoder/ms-marco-MiniLM-L6-v2 "HTTP/1.1 200 OK"
[2026-06-18 09:51:34,042: INFO: _client]: HTTP Request: HEAD https://huggingface.co/cross-encoder/ms-marco-MiniLM-L-6-v2/resolve/main/config.json "HTTP/1.1 307 Temporary Redirect"
[2026-06-18 09:51:34,501: INFO: _client]: HTTP Request: HEAD https://huggingface.co/cross-encoder/ms-marco-MiniLM-L6-v2/resolve/main/config.json "HTTP/1.1 307 Temporary Redirect"
[2026-06-18 09:51:34,572: INFO: _client]: HTTP Request: HEAD https://huggingface.co/api/resolve-cache/models/cross-encoder/ms-marco-MiniLM-L6-v2/c5ee24cb16019beea0893ab7796b1df96625c6b8/config.json "HTTP/1.1 200 OK"
[2026-06-18 09:51:34,954: INFO: _client]: HTTP Request: HEAD https://huggingface.co/cross-encoder/ms-marco-MiniLM-L-6-v2/resolve/main/adapter_config.json "HTTP/1.1 307 Temporary Redirect"
[2026-06-18 09:51:35,423: INFO: _client]: HTTP Request: HEAD https://huggingface.co/cross-encoder/ms-marco-MiniLM-L6-v2/resolve/main/adapter_config.json "HTTP/1.1 404 Not Found"
[2026-06-18 09:51:35,704: INFO: _client]: HTTP Request: HEAD https://huggingface.co/cross-encoder/ms-marco-MiniLM-L-6-v2/resolve/main/config.json "HTTP/1.1 307 Temporary Redirect"
[2026-06-18 09:51:35,975: INFO: _client]: HTTP Request: HEAD https://huggingface.co/cross-encoder/ms-marco-MiniLM-L6-v2/resolve/main/config.json "HTTP/1.1 307 Temporary Redirect"
[2026-06-18 09:51:36,146: INFO: _client]: HTTP Request: HEAD https://huggingface.co/api/resolve-cache/models/cross-encoder/ms-marco-MiniLM-L6-v2/c5ee24cb16019beea0893ab7796b1df96625c6b8/config.json "HTTP/1.1 200 OK"
[2026-06-18 09:51:36,671: INFO: _client]: HTTP Request: HEAD https://huggingface.co/cross-encoder/ms-marco-MiniLM-L-6-v2/resolve/main/processor_config.json "HTTP/1.1 307 Temporary Redirect"
[2026-06-18 09:51:37,116: INFO: _client]: HTTP Request: HEAD https://huggingface.co/cross-encoder/ms-marco-MiniLM-L6-v2/resolve/main/processor_config.json "HTTP/1.1 404 Not Found"
[2026-06-18 09:51:37,435: INFO: _client]: HTTP Request: HEAD https://huggingface.co/cross-encoder/ms-marco-MiniLM-L-6-v2/resolve/main/preprocessor_config.json "HTTP/1.1 307 Temporary Redirect"
[2026-06-18 09:51:38,055: INFO: _client]: HTTP Request: HEAD https://huggingface.co/cross-encoder/ms-marco-MiniLM-L6-v2/resolve/main/preprocessor_config.json "HTTP/1.1 404 Not Found"
[2026-06-18 09:51:38,358: INFO: _client]: HTTP Request: HEAD https://huggingface.co/cross-encoder/ms-marco-MiniLM-L-6-v2/resolve/main/video_preprocessor_config.json "HTTP/1.1 307 Temporary Redirect"
[2026-06-18 09:51:38,713: INFO: _client]: HTTP Request: HEAD https://huggingface.co/cross-encoder/ms-marco-MiniLM-L6-v2/resolve/main/video_preprocessor_config.json "HTTP/1.1 404 Not Found"
[2026-06-18 09:51:38,980: INFO: _client]: HTTP Request: HEAD https://huggingface.co/cross-encoder/ms-marco-MiniLM-L-6-v2/resolve/main/preprocessor_config.json "HTTP/1.1 307 Temporary Redirect"
[2026-06-18 09:51:39,424: INFO: _client]: HTTP Request: HEAD https://huggingface.co/cross-encoder/ms-marco-MiniLM-L6-v2/resolve/main/preprocessor_config.json "HTTP/1.1 404 Not Found"
[2026-06-18 09:51:39,697: INFO: _client]: HTTP Request: HEAD https://huggingface.co/cross-encoder/ms-marco-MiniLM-L-6-v2/resolve/main/tokenizer_config.json "HTTP/1.1 307 Temporary Redirect"
[2026-06-18 09:51:39,983: INFO: _client]: HTTP Request: HEAD https://huggingface.co/cross-encoder/ms-marco-MiniLM-L6-v2/resolve/main/tokenizer_config.json "HTTP/1.1 307 Temporary Redirect"
[2026-06-18 09:51:40,058: INFO: _client]: HTTP Request: HEAD https://huggingface.co/api/resolve-cache/models/cross-encoder/ms-marco-MiniLM-L6-v2/c5ee24cb16019beea0893ab7796b1df96625c6b8/tokenizer_config.json "HTTP/1.1 200 OK"
[2026-06-18 09:51:40,347: INFO: _client]: HTTP Request: HEAD https://huggingface.co/cross-encoder/ms-marco-MiniLM-L-6-v2/resolve/main/config.json "HTTP/1.1 307 Temporary Redirect"
[2026-06-18 09:51:40,630: INFO: _client]: HTTP Request: HEAD https://huggingface.co/cross-encoder/ms-marco-MiniLM-L6-v2/resolve/main/config.json "HTTP/1.1 307 Temporary Redirect"
[2026-06-18 09:51:40,683: INFO: _client]: HTTP Request: HEAD https://huggingface.co/api/resolve-cache/models/cross-encoder/ms-marco-MiniLM-L6-v2/c5ee24cb16019beea0893ab7796b1df96625c6b8/config.json "HTTP/1.1 200 OK"
[2026-06-18 09:51:40,949: INFO: _client]: HTTP Request: HEAD https://huggingface.co/cross-encoder/ms-marco-MiniLM-L-6-v2/resolve/main/config.json "HTTP/1.1 307 Temporary Redirect"
[2026-06-18 09:51:41,229: INFO: _client]: HTTP Request: HEAD https://huggingface.co/cross-encoder/ms-marco-MiniLM-L6-v2/resolve/main/config.json "HTTP/1.1 307 Temporary Redirect"
[2026-06-18 09:51:41,276: INFO: _client]: HTTP Request: HEAD https://huggingface.co/api/resolve-cache/models/cross-encoder/ms-marco-MiniLM-L6-v2/c5ee24cb16019beea0893ab7796b1df96625c6b8/config.json "HTTP/1.1 200 OK"
[2026-06-18 09:51:41,539: INFO: _client]: HTTP Request: HEAD https://huggingface.co/cross-encoder/ms-marco-MiniLM-L-6-v2/resolve/main/tokenizer_config.json "HTTP/1.1 307 Temporary Redirect"
[2026-06-18 09:51:41,839: INFO: _client]: HTTP Request: HEAD https://huggingface.co/cross-encoder/ms-marco-MiniLM-L6-v2/resolve/main/tokenizer_config.json "HTTP/1.1 307 Temporary Redirect"
[2026-06-18 09:51:41,891: INFO: _client]: HTTP Request: HEAD https://huggingface.co/api/resolve-cache/models/cross-encoder/ms-marco-MiniLM-L6-v2/c5ee24cb16019beea0893ab7796b1df96625c6b8/tokenizer_config.json "HTTP/1.1 200 OK"
[2026-06-18 09:51:42,162: INFO: _client]: HTTP Request: GET https://huggingface.co/api/models/cross-encoder/ms-marco-MiniLM-L-6-v2/tree/main/additional_chat_templates?recursive=false&expand=false "HTTP/1.1 307 Temporary Redirect"
[2026-06-18 09:51:42,551: INFO: _client]: HTTP Request: GET https://huggingface.co/api/models/cross-encoder/ms-marco-MiniLM-L6-v2/tree/main/additional_chat_templates?recursive=false&expand=false "HTTP/1.1 404 Not Found"
[2026-06-18 09:51:42,870: INFO: _client]: HTTP Request: GET https://huggingface.co/api/models/cross-encoder/ms-marco-MiniLM-L-6-v2/tree/main?recursive=true&expand=false "HTTP/1.1 307 Temporary Redirect"
[2026-06-18 09:51:43,271: INFO: _client]: HTTP Request: GET https://huggingface.co/api/models/cross-encoder/ms-marco-MiniLM-L6-v2/tree/main?recursive=true&expand=false "HTTP/1.1 200 OK"
[2026-06-18 09:51:45,960: INFO: _client]: HTTP Request: POST https://integrate.api.nvidia.com/v1/chat/completions "HTTP/1.1 200 OK"
[2026-06-18 09:51:48,754: INFO: _client]: HTTP Request: POST https://integrate.api.nvidia.com/v1/chat/completions "HTTP/1.1 200 OK"
[2026-06-18 09:51:51,877: INFO: _client]: HTTP Request: POST https://integrate.api.nvidia.com/v1/chat/completions "HTTP/1.1 200 OK"
[2026-06-18 09:51:53,425: INFO: _client]: HTTP Request: POST https://integrate.api.nvidia.com/v1/chat/completions "HTTP/1.1 200 OK"
[2026-06-18 09:51:55,894: INFO: _client]: HTTP Request: POST https://integrate.api.nvidia.com/v1/chat/completions "HTTP/1.1 200 OK"
[2026-06-18 09:51:57,174: INFO: _client]: HTTP Request: POST https://integrate.api.nvidia.com/v1/chat/completions "HTTP/1.1 200 OK"
[2026-06-18 09:52:01,232: INFO: _client]: HTTP Request: POST https://integrate.api.nvidia.com/v1/chat/completions "HTTP/1.1 200 OK"
[2026-06-18 09:52:03,399: INFO: _client]: HTTP Request: POST https://integrate.api.nvidia.com/v1/chat/completions "HTTP/1.1 200 OK"
[2026-06-18 09:52:05,122: INFO: _client]: HTTP Request: POST https://integrate.api.nvidia.com/v1/chat/completions "HTTP/1.1 200 OK"
[2026-06-18 09:52:06,130: INFO: _client]: HTTP Request: POST https://integrate.api.nvidia.com/v1/chat/completions "HTTP/1.1 200 OK"
[2026-06-18 09:52:08,834: INFO: _client]: HTTP Request: POST https://integrate.api.nvidia.com/v1/chat/completions "HTTP/1.1 200 OK"
[2026-06-18 09:52:10,668: INFO: _client]: HTTP Request: POST https://integrate.api.nvidia.com/v1/chat/completions "HTTP/1.1 200 OK"
[2026-06-18 09:52:13,264: INFO: _client]: HTTP Request: POST https://integrate.api.nvidia.com/v1/chat/completions "HTTP/1.1 200 OK"
[2026-06-18 09:52:15,469: INFO: _client]: HTTP Request: POST https://integrate.api.nvidia.com/v1/chat/completions "HTTP/1.1 200 OK"
[2026-06-18 09:52:18,949: INFO: _client]: HTTP Request: POST https://integrate.api.nvidia.com/v1/chat/completions "HTTP/1.1 200 OK"
[2026-06-18 09:52:21,376: INFO: _client]: HTTP Request: POST https://integrate.api.nvidia.com/v1/chat/completions "HTTP/1.1 200 OK"
[2026-06-18 09:52:23,139: INFO: _client]: HTTP Request: POST https://integrate.api.nvidia.com/v1/chat/completions "HTTP/1.1 200 OK"
[2026-06-18 09:52:25,111: INFO: _client]: HTTP Request: POST https://integrate.api.nvidia.com/v1/chat/completions "HTTP/1.1 200 OK"
[2026-06-18 09:52:33,183: INFO: _client]: HTTP Request: POST https://integrate.api.nvidia.com/v1/chat/completions "HTTP/1.1 200 OK"
[2026-06-18 09:52:34,793: INFO: _client]: HTTP Request: POST https://integrate.api.nvidia.com/v1/chat/completions "HTTP/1.1 200 OK"
[2026-06-18 09:52:38,543: INFO: _client]: HTTP Request: POST https://integrate.api.nvidia.com/v1/chat/completions "HTTP/1.1 200 OK"
[2026-06-18 09:52:42,117: INFO: _client]: HTTP Request: POST https://integrate.api.nvidia.com/v1/chat/completions "HTTP/1.1 200 OK"
[2026-06-18 09:52:46,213: INFO: _client]: HTTP Request: POST https://integrate.api.nvidia.com/v1/chat/completions "HTTP/1.1 200 OK"
[2026-06-18 09:52:48,383: INFO: _client]: HTTP Request: POST https://integrate.api.nvidia.com/v1/chat/completions "HTTP/1.1 200 OK"
[2026-06-18 09:52:51,244: INFO: _client]: HTTP Request: POST https://integrate.api.nvidia.com/v1/chat/completions "HTTP/1.1 200 OK"
[2026-06-18 09:52:53,043: INFO: _client]: HTTP Request: POST https://integrate.api.nvidia.com/v1/chat/completions "HTTP/1.1 200 OK"
[2026-06-18 09:52:59,540: INFO: _client]: HTTP Request: POST https://integrate.api.nvidia.com/v1/chat/completions "HTTP/1.1 200 OK"
[2026-06-18 09:53:02,509: INFO: _client]: HTTP Request: POST https://integrate.api.nvidia.com/v1/chat/completions "HTTP/1.1 200 OK"
[2026-06-18 09:53:04,518: INFO: _client]: HTTP Request: POST https://integrate.api.nvidia.com/v1/chat/completions "HTTP/1.1 200 OK"
[2026-06-18 09:53:05,950: INFO: _client]: HTTP Request: POST https://integrate.api.nvidia.com/v1/chat/completions "HTTP/1.1 200 OK"
[2026-06-18 09:53:09,348: INFO: _client]: HTTP Request: POST https://integrate.api.nvidia.com/v1/chat/completions "HTTP/1.1 200 OK"
[2026-06-18 09:53:10,847: INFO: _client]: HTTP Request: POST https://integrate.api.nvidia.com/v1/chat/completions "HTTP/1.1 200 OK"
[2026-06-18 09:53:12,565: INFO: _client]: HTTP Request: POST https://integrate.api.nvidia.com/v1/chat/completions "HTTP/1.1 200 OK"
[2026-06-18 09:53:16,080: INFO: _client]: HTTP Request: POST https://integrate.api.nvidia.com/v1/chat/completions "HTTP/1.1 200 OK"
[2026-06-18 09:53:19,916: INFO: _client]: HTTP Request: POST https://integrate.api.nvidia.com/v1/chat/completions "HTTP/1.1 200 OK"
[2026-06-18 09:53:22,170: INFO: _client]: HTTP Request: POST https://integrate.api.nvidia.com/v1/chat/completions "HTTP/1.1 200 OK"
[2026-06-18 09:53:24,587: INFO: _client]: HTTP Request: POST https://integrate.api.nvidia.com/v1/chat/completions "HTTP/1.1 200 OK"
[2026-06-18 09:53:25,800: INFO: _client]: HTTP Request: POST https://integrate.api.nvidia.com/v1/chat/completions "HTTP/1.1 200 OK"
[2026-06-18 09:53:29,913: INFO: _client]: HTTP Request: POST https://integrate.api.nvidia.com/v1/chat/completions "HTTP/1.1 200 OK"
[2026-06-18 09:53:31,779: INFO: _client]: HTTP Request: POST https://integrate.api.nvidia.com/v1/chat/completions "HTTP/1.1 200 OK"
[2026-06-18 09:53:35,524: INFO: _client]: HTTP Request: POST https://integrate.api.nvidia.com/v1/chat/completions "HTTP/1.1 200 OK"
[2026-06-18 09:53:36,381: INFO: lib]: response: https://en.wikipedia.org/w/api.php?action=opensearch&profile=fuzzy&limit=1&search=Who%20invented%20machine%20learning%20in%201895%3F 200
[2026-06-18 09:53:37,242: INFO: lib]: response: https://grokipedia.com/api/typeahead?query=Who+invented+machine+learning+in+1895%3F&limit=1 200
[2026-06-18 09:53:38,458: INFO: lib]: response: https://yandex.com/search/site/?text=Who+invented+machine+learning+in+1895%3F&web=1&searchid=4385157 200
[2026-06-18 09:53:40,864: INFO: _client]: HTTP Request: POST https://integrate.api.nvidia.com/v1/chat/completions "HTTP/1.1 200 OK"
[2026-06-18 09:53:43,850: INFO: _client]: HTTP Request: POST https://integrate.api.nvidia.com/v1/chat/completions "HTTP/1.1 200 OK"
[2026-06-18 09:53:45,909: INFO: _client]: HTTP Request: POST https://integrate.api.nvidia.com/v1/chat/completions "HTTP/1.1 200 OK"
[2026-06-18 10:39:46,771: INFO: __init__]: Logging setup complete.
[2026-06-18 10:39:52,257: INFO: __init__]: Logging setup complete.
[2026-06-18 10:41:13,441: INFO: __init__]: Logging setup complete.
[2026-06-18 10:41:22,875: INFO: _client]: HTTP Request: HEAD https://huggingface.co/BAAI/bge-small-en-v1.5/resolve/main/modules.json "HTTP/1.1 307 Temporary Redirect"
[2026-06-18 10:41:22,876: WARNING: _http]: Warning: You are sending unauthenticated requests to the HF Hub. Please set a HF_TOKEN to enable higher rate limits and faster downloads.
[2026-06-18 10:41:22,954: INFO: _client]: HTTP Request: HEAD https://huggingface.co/api/resolve-cache/models/BAAI/bge-small-en-v1.5/5c38ec7c405ec4b44b94cc5a9bb96e735b38267a/modules.json "HTTP/1.1 200 OK"
[2026-06-18 10:41:23,227: INFO: _client]: HTTP Request: HEAD https://huggingface.co/BAAI/bge-small-en-v1.5/resolve/main/config_sentence_transformers.json "HTTP/1.1 307 Temporary Redirect"
[2026-06-18 10:41:23,307: INFO: _client]: HTTP Request: HEAD https://huggingface.co/api/resolve-cache/models/BAAI/bge-small-en-v1.5/5c38ec7c405ec4b44b94cc5a9bb96e735b38267a/config_sentence_transformers.json "HTTP/1.1 200 OK"
[2026-06-18 10:41:23,308: INFO: model]: Loading SentenceTransformer model from BAAI/bge-small-en-v1.5.
[2026-06-18 10:41:23,675: INFO: _client]: HTTP Request: HEAD https://huggingface.co/BAAI/bge-small-en-v1.5/resolve/main/config_sentence_transformers.json "HTTP/1.1 307 Temporary Redirect"
[2026-06-18 10:41:23,722: INFO: _client]: HTTP Request: HEAD https://huggingface.co/api/resolve-cache/models/BAAI/bge-small-en-v1.5/5c38ec7c405ec4b44b94cc5a9bb96e735b38267a/config_sentence_transformers.json "HTTP/1.1 200 OK"
[2026-06-18 10:41:24,039: INFO: _client]: HTTP Request: HEAD https://huggingface.co/BAAI/bge-small-en-v1.5/resolve/main/README.md "HTTP/1.1 307 Temporary Redirect"
[2026-06-18 10:41:24,136: INFO: _client]: HTTP Request: HEAD https://huggingface.co/api/resolve-cache/models/BAAI/bge-small-en-v1.5/5c38ec7c405ec4b44b94cc5a9bb96e735b38267a/README.md "HTTP/1.1 200 OK"
[2026-06-18 10:41:24,475: INFO: _client]: HTTP Request: HEAD https://huggingface.co/BAAI/bge-small-en-v1.5/resolve/main/modules.json "HTTP/1.1 307 Temporary Redirect"
[2026-06-18 10:41:24,537: INFO: _client]: HTTP Request: HEAD https://huggingface.co/api/resolve-cache/models/BAAI/bge-small-en-v1.5/5c38ec7c405ec4b44b94cc5a9bb96e735b38267a/modules.json "HTTP/1.1 200 OK"
[2026-06-18 10:41:24,841: INFO: _client]: HTTP Request: HEAD https://huggingface.co/BAAI/bge-small-en-v1.5/resolve/main/sentence_bert_config.json "HTTP/1.1 307 Temporary Redirect"
[2026-06-18 10:41:25,006: INFO: _client]: HTTP Request: HEAD https://huggingface.co/api/resolve-cache/models/BAAI/bge-small-en-v1.5/5c38ec7c405ec4b44b94cc5a9bb96e735b38267a/sentence_bert_config.json "HTTP/1.1 200 OK"
[2026-06-18 10:41:25,519: INFO: _client]: HTTP Request: HEAD https://huggingface.co/BAAI/bge-small-en-v1.5/resolve/main/adapter_config.json "HTTP/1.1 404 Not Found"
[2026-06-18 10:41:25,794: INFO: _client]: HTTP Request: HEAD https://huggingface.co/BAAI/bge-small-en-v1.5/resolve/main/config.json "HTTP/1.1 307 Temporary Redirect"
[2026-06-18 10:41:25,868: INFO: _client]: HTTP Request: HEAD https://huggingface.co/api/resolve-cache/models/BAAI/bge-small-en-v1.5/5c38ec7c405ec4b44b94cc5a9bb96e735b38267a/config.json "HTTP/1.1 200 OK"
[2026-06-18 10:41:26,440: INFO: _client]: HTTP Request: HEAD https://huggingface.co/BAAI/bge-small-en-v1.5/resolve/main/processor_config.json "HTTP/1.1 404 Not Found"
[2026-06-18 10:41:26,718: INFO: _client]: HTTP Request: HEAD https://huggingface.co/BAAI/bge-small-en-v1.5/resolve/main/preprocessor_config.json "HTTP/1.1 404 Not Found"
[2026-06-18 10:41:26,999: INFO: _client]: HTTP Request: HEAD https://huggingface.co/BAAI/bge-small-en-v1.5/resolve/main/video_preprocessor_config.json "HTTP/1.1 404 Not Found"
[2026-06-18 10:41:27,313: INFO: _client]: HTTP Request: HEAD https://huggingface.co/BAAI/bge-small-en-v1.5/resolve/main/preprocessor_config.json "HTTP/1.1 404 Not Found"
[2026-06-18 10:41:27,577: INFO: _client]: HTTP Request: HEAD https://huggingface.co/BAAI/bge-small-en-v1.5/resolve/main/tokenizer_config.json "HTTP/1.1 307 Temporary Redirect"
[2026-06-18 10:41:27,642: INFO: _client]: HTTP Request: HEAD https://huggingface.co/api/resolve-cache/models/BAAI/bge-small-en-v1.5/5c38ec7c405ec4b44b94cc5a9bb96e735b38267a/tokenizer_config.json "HTTP/1.1 200 OK"
[2026-06-18 10:41:27,920: INFO: _client]: HTTP Request: HEAD https://huggingface.co/BAAI/bge-small-en-v1.5/resolve/main/config.json "HTTP/1.1 307 Temporary Redirect"
[2026-06-18 10:41:27,956: INFO: _client]: HTTP Request: HEAD https://huggingface.co/api/resolve-cache/models/BAAI/bge-small-en-v1.5/5c38ec7c405ec4b44b94cc5a9bb96e735b38267a/config.json "HTTP/1.1 200 OK"
[2026-06-18 10:41:28,232: INFO: _client]: HTTP Request: HEAD https://huggingface.co/BAAI/bge-small-en-v1.5/resolve/main/config.json "HTTP/1.1 307 Temporary Redirect"
[2026-06-18 10:41:28,276: INFO: _client]: HTTP Request: HEAD https://huggingface.co/api/resolve-cache/models/BAAI/bge-small-en-v1.5/5c38ec7c405ec4b44b94cc5a9bb96e735b38267a/config.json "HTTP/1.1 200 OK"
[2026-06-18 10:41:28,565: INFO: _client]: HTTP Request: HEAD https://huggingface.co/BAAI/bge-small-en-v1.5/resolve/main/tokenizer_config.json "HTTP/1.1 307 Temporary Redirect"
[2026-06-18 10:41:28,668: INFO: _client]: HTTP Request: HEAD https://huggingface.co/api/resolve-cache/models/BAAI/bge-small-en-v1.5/5c38ec7c405ec4b44b94cc5a9bb96e735b38267a/tokenizer_config.json "HTTP/1.1 200 OK"
[2026-06-18 10:41:29,206: INFO: _client]: HTTP Request: GET https://huggingface.co/api/models/BAAI/bge-small-en-v1.5/tree/main/additional_chat_templates?recursive=false&expand=false "HTTP/1.1 404 Not Found"
[2026-06-18 10:41:29,587: INFO: _client]: HTTP Request: GET https://huggingface.co/api/models/BAAI/bge-small-en-v1.5/tree/main?recursive=true&expand=false "HTTP/1.1 200 OK"
[2026-06-18 10:41:29,905: INFO: _client]: HTTP Request: HEAD https://huggingface.co/BAAI/bge-small-en-v1.5/resolve/main/1_Pooling/config.json "HTTP/1.1 307 Temporary Redirect"
[2026-06-18 10:41:29,987: INFO: _client]: HTTP Request: HEAD https://huggingface.co/api/resolve-cache/models/BAAI/bge-small-en-v1.5/5c38ec7c405ec4b44b94cc5a9bb96e735b38267a/1_Pooling%2Fconfig.json "HTTP/1.1 200 OK"
[2026-06-18 10:41:30,392: INFO: _client]: HTTP Request: GET https://huggingface.co/api/models/BAAI/bge-small-en-v1.5 "HTTP/1.1 200 OK"
[2026-06-18 10:41:30,622: INFO: loader]: Loading faiss with AVX512 support.
[2026-06-18 10:41:30,623: INFO: loader]: Could not load library with AVX512 support due to:
ModuleNotFoundError("No module named 'faiss.swigfaiss_avx512'")
[2026-06-18 10:41:30,623: INFO: loader]: Loading faiss with AVX2 support.
[2026-06-18 10:41:30,623: INFO: loader]: Could not load library with AVX2 support due to:
ModuleNotFoundError("No module named 'faiss.swigfaiss_avx2'")
[2026-06-18 10:41:30,623: INFO: loader]: Loading faiss.
[2026-06-18 10:41:30,665: INFO: loader]: Successfully loaded faiss.
[2026-06-18 10:41:32,996: INFO: model]: No device provided, using cuda:0
[2026-06-18 10:41:33,506: INFO: _client]: HTTP Request: HEAD https://huggingface.co/cross-encoder/ms-marco-MiniLM-L-6-v2/resolve/main/modules.json "HTTP/1.1 307 Temporary Redirect"
[2026-06-18 11:25:34,640: INFO: __init__]: Logging setup complete.
[2026-06-18 11:25:39,998: INFO: __init__]: Logging setup complete.
[2026-06-18 11:25:52,017: INFO: _client]: HTTP Request: HEAD https://huggingface.co/BAAI/bge-small-en-v1.5/resolve/main/modules.json "HTTP/1.1 307 Temporary Redirect"
[2026-06-18 11:25:52,098: INFO: _client]: HTTP Request: HEAD https://huggingface.co/api/resolve-cache/models/BAAI/bge-small-en-v1.5/5c38ec7c405ec4b44b94cc5a9bb96e735b38267a/modules.json "HTTP/1.1 200 OK"
[2026-06-18 11:25:52,362: INFO: _client]: HTTP Request: HEAD https://huggingface.co/BAAI/bge-small-en-v1.5/resolve/main/config_sentence_transformers.json "HTTP/1.1 307 Temporary Redirect"
[2026-06-18 11:25:52,363: WARNING: _http]: Warning: You are sending unauthenticated requests to the HF Hub. Please set a HF_TOKEN to enable higher rate limits and faster downloads.
[2026-06-18 11:25:52,439: INFO: _client]: HTTP Request: HEAD https://huggingface.co/api/resolve-cache/models/BAAI/bge-small-en-v1.5/5c38ec7c405ec4b44b94cc5a9bb96e735b38267a/config_sentence_transformers.json "HTTP/1.1 200 OK"
[2026-06-18 11:25:52,440: INFO: model]: Loading SentenceTransformer model from BAAI/bge-small-en-v1.5.
[2026-06-18 11:25:52,758: INFO: _client]: HTTP Request: HEAD https://huggingface.co/BAAI/bge-small-en-v1.5/resolve/main/config_sentence_transformers.json "HTTP/1.1 307 Temporary Redirect"
[2026-06-18 11:25:52,824: INFO: _client]: HTTP Request: HEAD https://huggingface.co/api/resolve-cache/models/BAAI/bge-small-en-v1.5/5c38ec7c405ec4b44b94cc5a9bb96e735b38267a/config_sentence_transformers.json "HTTP/1.1 200 OK"
[2026-06-18 11:25:53,097: INFO: _client]: HTTP Request: HEAD https://huggingface.co/BAAI/bge-small-en-v1.5/resolve/main/README.md "HTTP/1.1 307 Temporary Redirect"
[2026-06-18 11:25:53,171: INFO: _client]: HTTP Request: HEAD https://huggingface.co/api/resolve-cache/models/BAAI/bge-small-en-v1.5/5c38ec7c405ec4b44b94cc5a9bb96e735b38267a/README.md "HTTP/1.1 200 OK"
[2026-06-18 11:25:53,448: INFO: _client]: HTTP Request: HEAD https://huggingface.co/BAAI/bge-small-en-v1.5/resolve/main/modules.json "HTTP/1.1 307 Temporary Redirect"
[2026-06-18 11:25:53,528: INFO: _client]: HTTP Request: HEAD https://huggingface.co/api/resolve-cache/models/BAAI/bge-small-en-v1.5/5c38ec7c405ec4b44b94cc5a9bb96e735b38267a/modules.json "HTTP/1.1 200 OK"
[2026-06-18 11:25:53,812: INFO: _client]: HTTP Request: HEAD https://huggingface.co/BAAI/bge-small-en-v1.5/resolve/main/sentence_bert_config.json "HTTP/1.1 307 Temporary Redirect"
[2026-06-18 11:25:54,384: INFO: _client]: HTTP Request: HEAD https://huggingface.co/api/resolve-cache/models/BAAI/bge-small-en-v1.5/5c38ec7c405ec4b44b94cc5a9bb96e735b38267a/sentence_bert_config.json "HTTP/1.1 200 OK"
[2026-06-18 11:25:54,794: INFO: _client]: HTTP Request: HEAD https://huggingface.co/BAAI/bge-small-en-v1.5/resolve/main/adapter_config.json "HTTP/1.1 404 Not Found"
[2026-06-18 11:25:55,080: INFO: _client]: HTTP Request: HEAD https://huggingface.co/BAAI/bge-small-en-v1.5/resolve/main/config.json "HTTP/1.1 307 Temporary Redirect"
[2026-06-18 11:25:55,193: INFO: _client]: HTTP Request: HEAD https://huggingface.co/api/resolve-cache/models/BAAI/bge-small-en-v1.5/5c38ec7c405ec4b44b94cc5a9bb96e735b38267a/config.json "HTTP/1.1 200 OK"
[2026-06-18 11:25:55,850: INFO: _client]: HTTP Request: HEAD https://huggingface.co/BAAI/bge-small-en-v1.5/resolve/main/processor_config.json "HTTP/1.1 404 Not Found"
[2026-06-18 11:25:56,138: INFO: _client]: HTTP Request: HEAD https://huggingface.co/BAAI/bge-small-en-v1.5/resolve/main/preprocessor_config.json "HTTP/1.1 404 Not Found"
[2026-06-18 11:25:56,411: INFO: _client]: HTTP Request: HEAD https://huggingface.co/BAAI/bge-small-en-v1.5/resolve/main/video_preprocessor_config.json "HTTP/1.1 404 Not Found"
[2026-06-18 11:25:56,690: INFO: _client]: HTTP Request: HEAD https://huggingface.co/BAAI/bge-small-en-v1.5/resolve/main/preprocessor_config.json "HTTP/1.1 404 Not Found"
[2026-06-18 11:25:56,958: INFO: _client]: HTTP Request: HEAD https://huggingface.co/BAAI/bge-small-en-v1.5/resolve/main/tokenizer_config.json "HTTP/1.1 307 Temporary Redirect"
[2026-06-18 11:25:57,026: INFO: _client]: HTTP Request: HEAD https://huggingface.co/api/resolve-cache/models/BAAI/bge-small-en-v1.5/5c38ec7c405ec4b44b94cc5a9bb96e735b38267a/tokenizer_config.json "HTTP/1.1 200 OK"
[2026-06-18 11:25:57,294: INFO: _client]: HTTP Request: HEAD https://huggingface.co/BAAI/bge-small-en-v1.5/resolve/main/config.json "HTTP/1.1 307 Temporary Redirect"
[2026-06-18 11:25:57,357: INFO: _client]: HTTP Request: HEAD https://huggingface.co/api/resolve-cache/models/BAAI/bge-small-en-v1.5/5c38ec7c405ec4b44b94cc5a9bb96e735b38267a/config.json "HTTP/1.1 200 OK"
[2026-06-18 11:25:57,650: INFO: _client]: HTTP Request: HEAD https://huggingface.co/BAAI/bge-small-en-v1.5/resolve/main/config.json "HTTP/1.1 307 Temporary Redirect"
[2026-06-18 11:25:57,735: INFO: _client]: HTTP Request: HEAD https://huggingface.co/api/resolve-cache/models/BAAI/bge-small-en-v1.5/5c38ec7c405ec4b44b94cc5a9bb96e735b38267a/config.json "HTTP/1.1 200 OK"
[2026-06-18 11:25:58,016: INFO: _client]: HTTP Request: HEAD https://huggingface.co/BAAI/bge-small-en-v1.5/resolve/main/tokenizer_config.json "HTTP/1.1 307 Temporary Redirect"
[2026-06-18 11:25:58,231: INFO: _client]: HTTP Request: HEAD https://huggingface.co/api/resolve-cache/models/BAAI/bge-small-en-v1.5/5c38ec7c405ec4b44b94cc5a9bb96e735b38267a/tokenizer_config.json "HTTP/1.1 200 OK"
[2026-06-18 11:25:58,518: INFO: _client]: HTTP Request: GET https://huggingface.co/api/models/BAAI/bge-small-en-v1.5/tree/main/additional_chat_templates?recursive=false&expand=false "HTTP/1.1 404 Not Found"
[2026-06-18 11:25:58,815: INFO: _client]: HTTP Request: GET https://huggingface.co/api/models/BAAI/bge-small-en-v1.5/tree/main?recursive=true&expand=false "HTTP/1.1 200 OK"
[2026-06-18 11:25:59,148: INFO: _client]: HTTP Request: HEAD https://huggingface.co/BAAI/bge-small-en-v1.5/resolve/main/1_Pooling/config.json "HTTP/1.1 307 Temporary Redirect"
[2026-06-18 11:25:59,217: INFO: _client]: HTTP Request: HEAD https://huggingface.co/api/resolve-cache/models/BAAI/bge-small-en-v1.5/5c38ec7c405ec4b44b94cc5a9bb96e735b38267a/1_Pooling%2Fconfig.json "HTTP/1.1 200 OK"
[2026-06-18 11:25:59,506: INFO: _client]: HTTP Request: GET https://huggingface.co/api/models/BAAI/bge-small-en-v1.5 "HTTP/1.1 200 OK"
[2026-06-18 11:25:59,687: INFO: loader]: Loading faiss with AVX512 support.
[2026-06-18 11:25:59,687: INFO: loader]: Could not load library with AVX512 support due to:
ModuleNotFoundError("No module named 'faiss.swigfaiss_avx512'")
[2026-06-18 11:25:59,687: INFO: loader]: Loading faiss with AVX2 support.
[2026-06-18 11:25:59,687: INFO: loader]: Could not load library with AVX2 support due to:
ModuleNotFoundError("No module named 'faiss.swigfaiss_avx2'")
[2026-06-18 11:25:59,687: INFO: loader]: Loading faiss.
[2026-06-18 11:25:59,750: INFO: loader]: Successfully loaded faiss.
[2026-06-18 11:26:01,957: INFO: model]: No device provided, using cuda:0
[2026-06-18 11:26:02,234: INFO: _client]: HTTP Request: HEAD https://huggingface.co/cross-encoder/ms-marco-MiniLM-L-6-v2/resolve/main/modules.json "HTTP/1.1 307 Temporary Redirect"
[2026-06-18 11:26:02,516: INFO: _client]: HTTP Request: HEAD https://huggingface.co/cross-encoder/ms-marco-MiniLM-L6-v2/resolve/main/modules.json "HTTP/1.1 404 Not Found"
[2026-06-18 11:26:02,525: INFO: model]: No modules.json found for cross-encoder/ms-marco-MiniLM-L-6-v2, initializing a new CrossEncoder model.
[2026-06-18 11:26:02,883: INFO: _client]: HTTP Request: GET https://huggingface.co/api/models/cross-encoder/ms-marco-MiniLM-L-6-v2 "HTTP/1.1 307 Temporary Redirect"
[2026-06-18 11:26:03,310: INFO: _client]: HTTP Request: GET https://huggingface.co/api/models/cross-encoder/ms-marco-MiniLM-L6-v2 "HTTP/1.1 200 OK"
[2026-06-18 11:26:03,588: INFO: _client]: HTTP Request: HEAD https://huggingface.co/cross-encoder/ms-marco-MiniLM-L-6-v2/resolve/main/config.json "HTTP/1.1 307 Temporary Redirect"
[2026-06-18 11:26:03,880: INFO: _client]: HTTP Request: HEAD https://huggingface.co/cross-encoder/ms-marco-MiniLM-L6-v2/resolve/main/config.json "HTTP/1.1 307 Temporary Redirect"
[2026-06-18 11:26:03,974: INFO: _client]: HTTP Request: HEAD https://huggingface.co/api/resolve-cache/models/cross-encoder/ms-marco-MiniLM-L6-v2/c5ee24cb16019beea0893ab7796b1df96625c6b8/config.json "HTTP/1.1 200 OK"
[2026-06-18 11:26:04,240: INFO: _client]: HTTP Request: HEAD https://huggingface.co/cross-encoder/ms-marco-MiniLM-L-6-v2/resolve/main/adapter_config.json "HTTP/1.1 307 Temporary Redirect"
[2026-06-18 11:26:04,523: INFO: _client]: HTTP Request: HEAD https://huggingface.co/cross-encoder/ms-marco-MiniLM-L6-v2/resolve/main/adapter_config.json "HTTP/1.1 404 Not Found"
[2026-06-18 11:26:04,791: INFO: _client]: HTTP Request: HEAD https://huggingface.co/cross-encoder/ms-marco-MiniLM-L-6-v2/resolve/main/config.json "HTTP/1.1 307 Temporary Redirect"
[2026-06-18 11:26:05,058: INFO: _client]: HTTP Request: HEAD https://huggingface.co/cross-encoder/ms-marco-MiniLM-L6-v2/resolve/main/config.json "HTTP/1.1 307 Temporary Redirect"
[2026-06-18 11:26:05,124: INFO: _client]: HTTP Request: HEAD https://huggingface.co/api/resolve-cache/models/cross-encoder/ms-marco-MiniLM-L6-v2/c5ee24cb16019beea0893ab7796b1df96625c6b8/config.json "HTTP/1.1 200 OK"
[2026-06-18 11:26:05,490: INFO: _client]: HTTP Request: HEAD https://huggingface.co/cross-encoder/ms-marco-MiniLM-L-6-v2/resolve/main/processor_config.json "HTTP/1.1 307 Temporary Redirect"
[2026-06-18 11:26:05,768: INFO: _client]: HTTP Request: HEAD https://huggingface.co/cross-encoder/ms-marco-MiniLM-L6-v2/resolve/main/processor_config.json "HTTP/1.1 404 Not Found"
[2026-06-18 11:26:06,044: INFO: _client]: HTTP Request: HEAD https://huggingface.co/cross-encoder/ms-marco-MiniLM-L-6-v2/resolve/main/preprocessor_config.json "HTTP/1.1 307 Temporary Redirect"
[2026-06-18 11:26:06,686: INFO: _client]: HTTP Request: HEAD https://huggingface.co/cross-encoder/ms-marco-MiniLM-L6-v2/resolve/main/preprocessor_config.json "HTTP/1.1 404 Not Found"
[2026-06-18 11:26:06,981: INFO: _client]: HTTP Request: HEAD https://huggingface.co/cross-encoder/ms-marco-MiniLM-L-6-v2/resolve/main/video_preprocessor_config.json "HTTP/1.1 307 Temporary Redirect"
[2026-06-18 11:26:07,267: INFO: _client]: HTTP Request: HEAD https://huggingface.co/cross-encoder/ms-marco-MiniLM-L6-v2/resolve/main/video_preprocessor_config.json "HTTP/1.1 404 Not Found"
[2026-06-18 11:26:07,544: INFO: _client]: HTTP Request: HEAD https://huggingface.co/cross-encoder/ms-marco-MiniLM-L-6-v2/resolve/main/preprocessor_config.json "HTTP/1.1 307 Temporary Redirect"
[2026-06-18 11:26:07,829: INFO: _client]: HTTP Request: HEAD https://huggingface.co/cross-encoder/ms-marco-MiniLM-L6-v2/resolve/main/preprocessor_config.json "HTTP/1.1 404 Not Found"
[2026-06-18 11:26:08,108: INFO: _client]: HTTP Request: HEAD https://huggingface.co/cross-encoder/ms-marco-MiniLM-L-6-v2/resolve/main/tokenizer_config.json "HTTP/1.1 307 Temporary Redirect"
[2026-06-18 11:26:08,375: INFO: _client]: HTTP Request: HEAD https://huggingface.co/cross-encoder/ms-marco-MiniLM-L6-v2/resolve/main/tokenizer_config.json "HTTP/1.1 307 Temporary Redirect"
[2026-06-18 11:26:08,457: INFO: _client]: HTTP Request: HEAD https://huggingface.co/api/resolve-cache/models/cross-encoder/ms-marco-MiniLM-L6-v2/c5ee24cb16019beea0893ab7796b1df96625c6b8/tokenizer_config.json "HTTP/1.1 200 OK"
[2026-06-18 11:26:08,732: INFO: _client]: HTTP Request: HEAD https://huggingface.co/cross-encoder/ms-marco-MiniLM-L-6-v2/resolve/main/config.json "HTTP/1.1 307 Temporary Redirect"
[2026-06-18 11:26:09,035: INFO: _client]: HTTP Request: HEAD https://huggingface.co/cross-encoder/ms-marco-MiniLM-L6-v2/resolve/main/config.json "HTTP/1.1 307 Temporary Redirect"
[2026-06-18 11:26:09,111: INFO: _client]: HTTP Request: HEAD https://huggingface.co/api/resolve-cache/models/cross-encoder/ms-marco-MiniLM-L6-v2/c5ee24cb16019beea0893ab7796b1df96625c6b8/config.json "HTTP/1.1 200 OK"
[2026-06-18 11:26:09,384: INFO: _client]: HTTP Request: HEAD https://huggingface.co/cross-encoder/ms-marco-MiniLM-L-6-v2/resolve/main/config.json "HTTP/1.1 307 Temporary Redirect"
[2026-06-18 11:26:09,661: INFO: _client]: HTTP Request: HEAD https://huggingface.co/cross-encoder/ms-marco-MiniLM-L6-v2/resolve/main/config.json "HTTP/1.1 307 Temporary Redirect"
[2026-06-18 11:26:09,745: INFO: _client]: HTTP Request: HEAD https://huggingface.co/api/resolve-cache/models/cross-encoder/ms-marco-MiniLM-L6-v2/c5ee24cb16019beea0893ab7796b1df96625c6b8/config.json "HTTP/1.1 200 OK"
[2026-06-18 11:26:10,059: INFO: _client]: HTTP Request: HEAD https://huggingface.co/cross-encoder/ms-marco-MiniLM-L-6-v2/resolve/main/tokenizer_config.json "HTTP/1.1 307 Temporary Redirect"
[2026-06-18 11:26:10,346: INFO: _client]: HTTP Request: HEAD https://huggingface.co/cross-encoder/ms-marco-MiniLM-L6-v2/resolve/main/tokenizer_config.json "HTTP/1.1 307 Temporary Redirect"
[2026-06-18 11:26:10,421: INFO: _client]: HTTP Request: HEAD https://huggingface.co/api/resolve-cache/models/cross-encoder/ms-marco-MiniLM-L6-v2/c5ee24cb16019beea0893ab7796b1df96625c6b8/tokenizer_config.json "HTTP/1.1 200 OK"
[2026-06-18 11:26:10,704: INFO: _client]: HTTP Request: GET https://huggingface.co/api/models/cross-encoder/ms-marco-MiniLM-L-6-v2/tree/main/additional_chat_templates?recursive=false&expand=false "HTTP/1.1 307 Temporary Redirect"
[2026-06-18 11:26:10,991: INFO: _client]: HTTP Request: GET https://huggingface.co/api/models/cross-encoder/ms-marco-MiniLM-L6-v2/tree/main/additional_chat_templates?recursive=false&expand=false "HTTP/1.1 404 Not Found"
[2026-06-18 11:26:11,267: INFO: _client]: HTTP Request: GET https://huggingface.co/api/models/cross-encoder/ms-marco-MiniLM-L-6-v2/tree/main?recursive=true&expand=false "HTTP/1.1 307 Temporary Redirect"
[2026-06-18 11:26:11,540: INFO: _client]: HTTP Request: GET https://huggingface.co/api/models/cross-encoder/ms-marco-MiniLM-L6-v2/tree/main?recursive=true&expand=false "HTTP/1.1 200 OK"
[2026-06-18 11:26:14,075: INFO: _client]: HTTP Request: POST https://integrate.api.nvidia.com/v1/chat/completions "HTTP/1.1 200 OK"
[2026-06-18 11:26:16,016: INFO: _client]: HTTP Request: POST https://integrate.api.nvidia.com/v1/chat/completions "HTTP/1.1 200 OK"
[2026-06-18 11:26:25,187: INFO: _client]: HTTP Request: POST https://integrate.api.nvidia.com/v1/chat/completions "HTTP/1.1 200 OK"
[2026-06-18 11:26:27,321: INFO: _client]: HTTP Request: POST https://integrate.api.nvidia.com/v1/chat/completions "HTTP/1.1 200 OK"
[2026-06-18 11:26:29,276: INFO: _client]: HTTP Request: POST https://integrate.api.nvidia.com/v1/chat/completions "HTTP/1.1 200 OK"
[2026-06-18 11:26:30,520: INFO: _client]: HTTP Request: POST https://integrate.api.nvidia.com/v1/chat/completions "HTTP/1.1 200 OK"
[2026-06-18 11:26:33,380: INFO: _client]: HTTP Request: POST https://integrate.api.nvidia.com/v1/chat/completions "HTTP/1.1 200 OK"
[2026-06-18 11:26:35,971: INFO: _client]: HTTP Request: POST https://integrate.api.nvidia.com/v1/chat/completions "HTTP/1.1 200 OK"
[2026-06-18 11:26:37,642: INFO: _client]: HTTP Request: POST https://integrate.api.nvidia.com/v1/chat/completions "HTTP/1.1 200 OK"
[2026-06-18 11:26:38,373: INFO: _client]: HTTP Request: POST https://integrate.api.nvidia.com/v1/chat/completions "HTTP/1.1 200 OK"
[2026-06-18 11:26:41,742: INFO: _client]: HTTP Request: POST https://integrate.api.nvidia.com/v1/chat/completions "HTTP/1.1 200 OK"
[2026-06-18 11:26:45,656: INFO: _client]: HTTP Request: POST https://integrate.api.nvidia.com/v1/chat/completions "HTTP/1.1 200 OK"
[2026-06-18 11:26:47,282: INFO: _client]: HTTP Request: POST https://integrate.api.nvidia.com/v1/chat/completions "HTTP/1.1 200 OK"
[2026-06-18 11:26:50,233: INFO: _client]: HTTP Request: POST https://integrate.api.nvidia.com/v1/chat/completions "HTTP/1.1 200 OK"
[2026-06-18 11:26:54,037: INFO: _client]: HTTP Request: POST https://integrate.api.nvidia.com/v1/chat/completions "HTTP/1.1 200 OK"
[2026-06-18 11:26:56,826: INFO: _client]: HTTP Request: POST https://integrate.api.nvidia.com/v1/chat/completions "HTTP/1.1 200 OK"
[2026-06-18 11:27:01,338: INFO: _client]: HTTP Request: POST https://integrate.api.nvidia.com/v1/chat/completions "HTTP/1.1 200 OK"
[2026-06-18 11:27:05,860: INFO: _client]: HTTP Request: POST https://integrate.api.nvidia.com/v1/chat/completions "HTTP/1.1 200 OK"
[2026-06-18 11:27:12,306: INFO: _client]: HTTP Request: POST https://integrate.api.nvidia.com/v1/chat/completions "HTTP/1.1 200 OK"
[2026-06-18 11:27:17,951: INFO: _client]: HTTP Request: POST https://integrate.api.nvidia.com/v1/chat/completions "HTTP/1.1 200 OK"
[2026-06-18 11:27:19,928: INFO: _client]: HTTP Request: POST https://integrate.api.nvidia.com/v1/chat/completions "HTTP/1.1 200 OK"
[2026-06-18 11:27:27,561: INFO: _client]: HTTP Request: POST https://integrate.api.nvidia.com/v1/chat/completions "HTTP/1.1 200 OK"
[2026-06-18 11:27:32,193: INFO: _client]: HTTP Request: POST https://integrate.api.nvidia.com/v1/chat/completions "HTTP/1.1 200 OK"
[2026-06-18 11:31:37,055: INFO: __init__]: Logging setup complete.
[2026-06-18 11:31:47,813: INFO: _client]: HTTP Request: HEAD https://huggingface.co/BAAI/bge-small-en-v1.5/resolve/main/modules.json "HTTP/1.1 307 Temporary Redirect"
[2026-06-18 11:31:47,876: INFO: _client]: HTTP Request: HEAD https://huggingface.co/api/resolve-cache/models/BAAI/bge-small-en-v1.5/5c38ec7c405ec4b44b94cc5a9bb96e735b38267a/modules.json "HTTP/1.1 200 OK"
[2026-06-18 11:31:48,144: INFO: _client]: HTTP Request: HEAD https://huggingface.co/BAAI/bge-small-en-v1.5/resolve/main/config_sentence_transformers.json "HTTP/1.1 307 Temporary Redirect"
[2026-06-18 11:31:48,145: WARNING: _http]: Warning: You are sending unauthenticated requests to the HF Hub. Please set a HF_TOKEN to enable higher rate limits and faster downloads.
[2026-06-18 11:31:48,207: INFO: _client]: HTTP Request: HEAD https://huggingface.co/api/resolve-cache/models/BAAI/bge-small-en-v1.5/5c38ec7c405ec4b44b94cc5a9bb96e735b38267a/config_sentence_transformers.json "HTTP/1.1 200 OK"
[2026-06-18 11:31:48,208: INFO: model]: Loading SentenceTransformer model from BAAI/bge-small-en-v1.5.
[2026-06-18 11:31:48,470: INFO: _client]: HTTP Request: HEAD https://huggingface.co/BAAI/bge-small-en-v1.5/resolve/main/config_sentence_transformers.json "HTTP/1.1 307 Temporary Redirect"
[2026-06-18 11:31:48,534: INFO: _client]: HTTP Request: HEAD https://huggingface.co/api/resolve-cache/models/BAAI/bge-small-en-v1.5/5c38ec7c405ec4b44b94cc5a9bb96e735b38267a/config_sentence_transformers.json "HTTP/1.1 200 OK"
[2026-06-18 11:31:48,808: INFO: _client]: HTTP Request: HEAD https://huggingface.co/BAAI/bge-small-en-v1.5/resolve/main/README.md "HTTP/1.1 307 Temporary Redirect"
[2026-06-18 11:31:48,876: INFO: _client]: HTTP Request: HEAD https://huggingface.co/api/resolve-cache/models/BAAI/bge-small-en-v1.5/5c38ec7c405ec4b44b94cc5a9bb96e735b38267a/README.md "HTTP/1.1 200 OK"
[2026-06-18 11:31:49,153: INFO: _client]: HTTP Request: HEAD https://huggingface.co/BAAI/bge-small-en-v1.5/resolve/main/modules.json "HTTP/1.1 307 Temporary Redirect"
[2026-06-18 11:31:49,225: INFO: _client]: HTTP Request: HEAD https://huggingface.co/api/resolve-cache/models/BAAI/bge-small-en-v1.5/5c38ec7c405ec4b44b94cc5a9bb96e735b38267a/modules.json "HTTP/1.1 200 OK"
[2026-06-18 11:31:49,503: INFO: _client]: HTTP Request: HEAD https://huggingface.co/BAAI/bge-small-en-v1.5/resolve/main/sentence_bert_config.json "HTTP/1.1 307 Temporary Redirect"
[2026-06-18 11:31:49,557: INFO: _client]: HTTP Request: HEAD https://huggingface.co/api/resolve-cache/models/BAAI/bge-small-en-v1.5/5c38ec7c405ec4b44b94cc5a9bb96e735b38267a/sentence_bert_config.json "HTTP/1.1 200 OK"
[2026-06-18 11:31:49,818: INFO: _client]: HTTP Request: HEAD https://huggingface.co/BAAI/bge-small-en-v1.5/resolve/main/adapter_config.json "HTTP/1.1 404 Not Found"
[2026-06-18 11:31:50,069: INFO: _client]: HTTP Request: HEAD https://huggingface.co/BAAI/bge-small-en-v1.5/resolve/main/config.json "HTTP/1.1 307 Temporary Redirect"
[2026-06-18 11:31:50,130: INFO: _client]: HTTP Request: HEAD https://huggingface.co/api/resolve-cache/models/BAAI/bge-small-en-v1.5/5c38ec7c405ec4b44b94cc5a9bb96e735b38267a/config.json "HTTP/1.1 200 OK"
[2026-06-18 11:31:50,618: INFO: _client]: HTTP Request: HEAD https://huggingface.co/BAAI/bge-small-en-v1.5/resolve/main/processor_config.json "HTTP/1.1 404 Not Found"
[2026-06-18 11:31:50,871: INFO: _client]: HTTP Request: HEAD https://huggingface.co/BAAI/bge-small-en-v1.5/resolve/main/preprocessor_config.json "HTTP/1.1 404 Not Found"
[2026-06-18 11:31:51,152: INFO: _client]: HTTP Request: HEAD https://huggingface.co/BAAI/bge-small-en-v1.5/resolve/main/video_preprocessor_config.json "HTTP/1.1 404 Not Found"
[2026-06-18 11:31:51,415: INFO: _client]: HTTP Request: HEAD https://huggingface.co/BAAI/bge-small-en-v1.5/resolve/main/preprocessor_config.json "HTTP/1.1 404 Not Found"
[2026-06-18 11:31:51,693: INFO: _client]: HTTP Request: HEAD https://huggingface.co/BAAI/bge-small-en-v1.5/resolve/main/tokenizer_config.json "HTTP/1.1 307 Temporary Redirect"
[2026-06-18 11:31:51,758: INFO: _client]: HTTP Request: HEAD https://huggingface.co/api/resolve-cache/models/BAAI/bge-small-en-v1.5/5c38ec7c405ec4b44b94cc5a9bb96e735b38267a/tokenizer_config.json "HTTP/1.1 200 OK"
[2026-06-18 11:31:52,019: INFO: _client]: HTTP Request: HEAD https://huggingface.co/BAAI/bge-small-en-v1.5/resolve/main/config.json "HTTP/1.1 307 Temporary Redirect"
[2026-06-18 11:31:52,074: INFO: _client]: HTTP Request: HEAD https://huggingface.co/api/resolve-cache/models/BAAI/bge-small-en-v1.5/5c38ec7c405ec4b44b94cc5a9bb96e735b38267a/config.json "HTTP/1.1 200 OK"
[2026-06-18 11:31:52,343: INFO: _client]: HTTP Request: HEAD https://huggingface.co/BAAI/bge-small-en-v1.5/resolve/main/config.json "HTTP/1.1 307 Temporary Redirect"
[2026-06-18 11:31:52,421: INFO: _client]: HTTP Request: HEAD https://huggingface.co/api/resolve-cache/models/BAAI/bge-small-en-v1.5/5c38ec7c405ec4b44b94cc5a9bb96e735b38267a/config.json "HTTP/1.1 200 OK"
[2026-06-18 11:31:52,693: INFO: _client]: HTTP Request: HEAD https://huggingface.co/BAAI/bge-small-en-v1.5/resolve/main/tokenizer_config.json "HTTP/1.1 307 Temporary Redirect"
[2026-06-18 11:31:52,757: INFO: _client]: HTTP Request: HEAD https://huggingface.co/api/resolve-cache/models/BAAI/bge-small-en-v1.5/5c38ec7c405ec4b44b94cc5a9bb96e735b38267a/tokenizer_config.json "HTTP/1.1 200 OK"
[2026-06-18 11:31:53,082: INFO: _client]: HTTP Request: GET https://huggingface.co/api/models/BAAI/bge-small-en-v1.5/tree/main/additional_chat_templates?recursive=false&expand=false "HTTP/1.1 404 Not Found"
[2026-06-18 11:31:53,486: INFO: _client]: HTTP Request: GET https://huggingface.co/api/models/BAAI/bge-small-en-v1.5/tree/main?recursive=true&expand=false "HTTP/1.1 200 OK"
[2026-06-18 11:31:53,802: INFO: _client]: HTTP Request: HEAD https://huggingface.co/BAAI/bge-small-en-v1.5/resolve/main/1_Pooling/config.json "HTTP/1.1 307 Temporary Redirect"
[2026-06-18 11:31:53,863: INFO: _client]: HTTP Request: HEAD https://huggingface.co/api/resolve-cache/models/BAAI/bge-small-en-v1.5/5c38ec7c405ec4b44b94cc5a9bb96e735b38267a/1_Pooling%2Fconfig.json "HTTP/1.1 200 OK"
[2026-06-18 11:31:54,118: INFO: _client]: HTTP Request: GET https://huggingface.co/api/models/BAAI/bge-small-en-v1.5 "HTTP/1.1 200 OK"
[2026-06-18 11:31:54,335: INFO: loader]: Loading faiss with AVX512 support.
[2026-06-18 11:31:54,335: INFO: loader]: Could not load library with AVX512 support due to:
ModuleNotFoundError("No module named 'faiss.swigfaiss_avx512'")
[2026-06-18 11:31:54,335: INFO: loader]: Loading faiss with AVX2 support.
[2026-06-18 11:31:54,335: INFO: loader]: Could not load library with AVX2 support due to:
ModuleNotFoundError("No module named 'faiss.swigfaiss_avx2'")
[2026-06-18 11:31:54,335: INFO: loader]: Loading faiss.
[2026-06-18 11:31:54,372: INFO: loader]: Successfully loaded faiss.
[2026-06-18 11:31:56,710: INFO: model]: No device provided, using cuda:0
[2026-06-18 11:31:56,976: INFO: _client]: HTTP Request: HEAD https://huggingface.co/cross-encoder/ms-marco-MiniLM-L-6-v2/resolve/main/modules.json "HTTP/1.1 307 Temporary Redirect"
[2026-06-18 11:31:57,274: INFO: _client]: HTTP Request: HEAD https://huggingface.co/cross-encoder/ms-marco-MiniLM-L6-v2/resolve/main/modules.json "HTTP/1.1 404 Not Found"
[2026-06-18 11:31:57,275: INFO: model]: No modules.json found for cross-encoder/ms-marco-MiniLM-L-6-v2, initializing a new CrossEncoder model.
[2026-06-18 11:31:57,636: INFO: _client]: HTTP Request: GET https://huggingface.co/api/models/cross-encoder/ms-marco-MiniLM-L-6-v2 "HTTP/1.1 307 Temporary Redirect"
[2026-06-18 11:31:58,000: INFO: _client]: HTTP Request: GET https://huggingface.co/api/models/cross-encoder/ms-marco-MiniLM-L6-v2 "HTTP/1.1 200 OK"
[2026-06-18 11:31:58,255: INFO: _client]: HTTP Request: HEAD https://huggingface.co/cross-encoder/ms-marco-MiniLM-L-6-v2/resolve/main/config.json "HTTP/1.1 307 Temporary Redirect"
[2026-06-18 11:31:58,533: INFO: _client]: HTTP Request: HEAD https://huggingface.co/cross-encoder/ms-marco-MiniLM-L6-v2/resolve/main/config.json "HTTP/1.1 307 Temporary Redirect"
[2026-06-18 11:31:58,593: INFO: _client]: HTTP Request: HEAD https://huggingface.co/api/resolve-cache/models/cross-encoder/ms-marco-MiniLM-L6-v2/c5ee24cb16019beea0893ab7796b1df96625c6b8/config.json "HTTP/1.1 200 OK"
[2026-06-18 11:31:58,877: INFO: _client]: HTTP Request: HEAD https://huggingface.co/cross-encoder/ms-marco-MiniLM-L-6-v2/resolve/main/adapter_config.json "HTTP/1.1 307 Temporary Redirect"
[2026-06-18 11:31:59,132: INFO: _client]: HTTP Request: HEAD https://huggingface.co/cross-encoder/ms-marco-MiniLM-L6-v2/resolve/main/adapter_config.json "HTTP/1.1 404 Not Found"
[2026-06-18 11:31:59,398: INFO: _client]: HTTP Request: HEAD https://huggingface.co/cross-encoder/ms-marco-MiniLM-L-6-v2/resolve/main/config.json "HTTP/1.1 307 Temporary Redirect"
[2026-06-18 11:31:59,676: INFO: _client]: HTTP Request: HEAD https://huggingface.co/cross-encoder/ms-marco-MiniLM-L6-v2/resolve/main/config.json "HTTP/1.1 307 Temporary Redirect"
[2026-06-18 11:31:59,742: INFO: _client]: HTTP Request: HEAD https://huggingface.co/api/resolve-cache/models/cross-encoder/ms-marco-MiniLM-L6-v2/c5ee24cb16019beea0893ab7796b1df96625c6b8/config.json "HTTP/1.1 200 OK"
[2026-06-18 11:32:00,102: INFO: _client]: HTTP Request: HEAD https://huggingface.co/cross-encoder/ms-marco-MiniLM-L-6-v2/resolve/main/processor_config.json "HTTP/1.1 307 Temporary Redirect"
[2026-06-18 11:32:00,363: INFO: _client]: HTTP Request: HEAD https://huggingface.co/cross-encoder/ms-marco-MiniLM-L6-v2/resolve/main/processor_config.json "HTTP/1.1 404 Not Found"
[2026-06-18 11:32:00,636: INFO: _client]: HTTP Request: HEAD https://huggingface.co/cross-encoder/ms-marco-MiniLM-L-6-v2/resolve/main/preprocessor_config.json "HTTP/1.1 307 Temporary Redirect"
[2026-06-18 11:32:00,968: INFO: _client]: HTTP Request: HEAD https://huggingface.co/cross-encoder/ms-marco-MiniLM-L6-v2/resolve/main/preprocessor_config.json "HTTP/1.1 404 Not Found"
[2026-06-18 11:32:01,235: INFO: _client]: HTTP Request: HEAD https://huggingface.co/cross-encoder/ms-marco-MiniLM-L-6-v2/resolve/main/video_preprocessor_config.json "HTTP/1.1 307 Temporary Redirect"
[2026-06-18 11:32:01,678: INFO: _client]: HTTP Request: HEAD https://huggingface.co/cross-encoder/ms-marco-MiniLM-L6-v2/resolve/main/video_preprocessor_config.json "HTTP/1.1 404 Not Found"
[2026-06-18 11:32:01,955: INFO: _client]: HTTP Request: HEAD https://huggingface.co/cross-encoder/ms-marco-MiniLM-L-6-v2/resolve/main/preprocessor_config.json "HTTP/1.1 307 Temporary Redirect"
[2026-06-18 11:32:02,224: INFO: _client]: HTTP Request: HEAD https://huggingface.co/cross-encoder/ms-marco-MiniLM-L6-v2/resolve/main/preprocessor_config.json "HTTP/1.1 404 Not Found"
[2026-06-18 11:32:02,506: INFO: _client]: HTTP Request: HEAD https://huggingface.co/cross-encoder/ms-marco-MiniLM-L-6-v2/resolve/main/tokenizer_config.json "HTTP/1.1 307 Temporary Redirect"
[2026-06-18 11:32:02,758: INFO: _client]: HTTP Request: HEAD https://huggingface.co/cross-encoder/ms-marco-MiniLM-L6-v2/resolve/main/tokenizer_config.json "HTTP/1.1 307 Temporary Redirect"
[2026-06-18 11:32:02,835: INFO: _client]: HTTP Request: HEAD https://huggingface.co/api/resolve-cache/models/cross-encoder/ms-marco-MiniLM-L6-v2/c5ee24cb16019beea0893ab7796b1df96625c6b8/tokenizer_config.json "HTTP/1.1 200 OK"
[2026-06-18 11:32:03,089: INFO: _client]: HTTP Request: HEAD https://huggingface.co/cross-encoder/ms-marco-MiniLM-L-6-v2/resolve/main/config.json "HTTP/1.1 307 Temporary Redirect"
[2026-06-18 11:32:03,343: INFO: _client]: HTTP Request: HEAD https://huggingface.co/cross-encoder/ms-marco-MiniLM-L6-v2/resolve/main/config.json "HTTP/1.1 307 Temporary Redirect"
[2026-06-18 11:32:03,415: INFO: _client]: HTTP Request: HEAD https://huggingface.co/api/resolve-cache/models/cross-encoder/ms-marco-MiniLM-L6-v2/c5ee24cb16019beea0893ab7796b1df96625c6b8/config.json "HTTP/1.1 200 OK"
[2026-06-18 11:32:03,703: INFO: _client]: HTTP Request: HEAD https://huggingface.co/cross-encoder/ms-marco-MiniLM-L-6-v2/resolve/main/config.json "HTTP/1.1 307 Temporary Redirect"
[2026-06-18 11:32:04,040: INFO: _client]: HTTP Request: HEAD https://huggingface.co/cross-encoder/ms-marco-MiniLM-L6-v2/resolve/main/config.json "HTTP/1.1 307 Temporary Redirect"
[2026-06-18 11:32:04,110: INFO: _client]: HTTP Request: HEAD https://huggingface.co/api/resolve-cache/models/cross-encoder/ms-marco-MiniLM-L6-v2/c5ee24cb16019beea0893ab7796b1df96625c6b8/config.json "HTTP/1.1 200 OK"
[2026-06-18 11:32:04,380: INFO: _client]: HTTP Request: HEAD https://huggingface.co/cross-encoder/ms-marco-MiniLM-L-6-v2/resolve/main/tokenizer_config.json "HTTP/1.1 307 Temporary Redirect"
[2026-06-18 11:32:04,647: INFO: _client]: HTTP Request: HEAD https://huggingface.co/cross-encoder/ms-marco-MiniLM-L6-v2/resolve/main/tokenizer_config.json "HTTP/1.1 307 Temporary Redirect"
[2026-06-18 11:32:04,705: INFO: _client]: HTTP Request: HEAD https://huggingface.co/api/resolve-cache/models/cross-encoder/ms-marco-MiniLM-L6-v2/c5ee24cb16019beea0893ab7796b1df96625c6b8/tokenizer_config.json "HTTP/1.1 200 OK"
[2026-06-18 11:32:04,990: INFO: _client]: HTTP Request: GET https://huggingface.co/api/models/cross-encoder/ms-marco-MiniLM-L-6-v2/tree/main/additional_chat_templates?recursive=false&expand=false "HTTP/1.1 307 Temporary Redirect"
[2026-06-18 11:32:05,466: INFO: _client]: HTTP Request: GET https://huggingface.co/api/models/cross-encoder/ms-marco-MiniLM-L6-v2/tree/main/additional_chat_templates?recursive=false&expand=false "HTTP/1.1 404 Not Found"
[2026-06-18 11:32:05,796: INFO: _client]: HTTP Request: GET https://huggingface.co/api/models/cross-encoder/ms-marco-MiniLM-L-6-v2/tree/main?recursive=true&expand=false "HTTP/1.1 307 Temporary Redirect"
[2026-06-18 11:32:06,191: INFO: _client]: HTTP Request: GET https://huggingface.co/api/models/cross-encoder/ms-marco-MiniLM-L6-v2/tree/main?recursive=true&expand=false "HTTP/1.1 200 OK"
[2026-06-18 11:32:08,956: INFO: _client]: HTTP Request: POST https://integrate.api.nvidia.com/v1/chat/completions "HTTP/1.1 200 OK"
[2026-06-18 11:32:10,184: INFO: _client]: HTTP Request: POST https://integrate.api.nvidia.com/v1/chat/completions "HTTP/1.1 200 OK"
[2026-06-18 11:32:12,776: INFO: _client]: HTTP Request: POST https://integrate.api.nvidia.com/v1/chat/completions "HTTP/1.1 200 OK"
[2026-06-18 11:32:14,690: INFO: _client]: HTTP Request: POST https://integrate.api.nvidia.com/v1/chat/completions "HTTP/1.1 200 OK"
[2026-06-18 11:32:16,738: INFO: _client]: HTTP Request: POST https://integrate.api.nvidia.com/v1/chat/completions "HTTP/1.1 200 OK"
[2026-06-18 11:32:17,864: INFO: _client]: HTTP Request: POST https://integrate.api.nvidia.com/v1/chat/completions "HTTP/1.1 200 OK"
[2026-06-18 11:32:26,625: INFO: _client]: HTTP Request: POST https://integrate.api.nvidia.com/v1/chat/completions "HTTP/1.1 200 OK"
[2026-06-18 11:32:31,395: INFO: _client]: HTTP Request: POST https://integrate.api.nvidia.com/v1/chat/completions "HTTP/1.1 200 OK"
[2026-06-18 11:32:33,532: INFO: _client]: HTTP Request: POST https://integrate.api.nvidia.com/v1/chat/completions "HTTP/1.1 200 OK"
[2026-06-18 11:32:34,391: INFO: _client]: HTTP Request: POST https://integrate.api.nvidia.com/v1/chat/completions "HTTP/1.1 200 OK"
[2026-06-18 11:32:40,802: INFO: _client]: HTTP Request: POST https://integrate.api.nvidia.com/v1/chat/completions "HTTP/1.1 200 OK"
[2026-06-18 11:32:42,544: INFO: _client]: HTTP Request: POST https://integrate.api.nvidia.com/v1/chat/completions "HTTP/1.1 200 OK"
[2026-06-18 11:32:44,181: INFO: _client]: HTTP Request: POST https://integrate.api.nvidia.com/v1/chat/completions "HTTP/1.1 200 OK"
[2026-06-18 11:32:46,434: INFO: _client]: HTTP Request: POST https://integrate.api.nvidia.com/v1/chat/completions "HTTP/1.1 200 OK"
[2026-06-18 11:32:50,593: INFO: _client]: HTTP Request: POST https://integrate.api.nvidia.com/v1/chat/completions "HTTP/1.1 200 OK"
[2026-06-18 11:32:52,759: INFO: _client]: HTTP Request: POST https://integrate.api.nvidia.com/v1/chat/completions "HTTP/1.1 200 OK"
[2026-06-18 11:32:55,514: INFO: _client]: HTTP Request: POST https://integrate.api.nvidia.com/v1/chat/completions "HTTP/1.1 200 OK"
[2026-06-18 11:32:59,032: INFO: _client]: HTTP Request: POST https://integrate.api.nvidia.com/v1/chat/completions "HTTP/1.1 200 OK"
[2026-06-18 11:33:03,583: INFO: _client]: HTTP Request: POST https://integrate.api.nvidia.com/v1/chat/completions "HTTP/1.1 200 OK"
[2026-06-18 11:33:05,679: INFO: _client]: HTTP Request: POST https://integrate.api.nvidia.com/v1/chat/completions "HTTP/1.1 200 OK"
[2026-06-18 11:33:07,528: INFO: _client]: HTTP Request: POST https://integrate.api.nvidia.com/v1/chat/completions "HTTP/1.1 200 OK"
[2026-06-18 11:33:11,523: INFO: _client]: HTTP Request: POST https://integrate.api.nvidia.com/v1/chat/completions "HTTP/1.1 200 OK"
[2026-06-18 11:33:16,761: INFO: _client]: HTTP Request: POST https://integrate.api.nvidia.com/v1/chat/completions "HTTP/1.1 200 OK"
[2026-06-18 11:33:18,997: INFO: _client]: HTTP Request: POST https://integrate.api.nvidia.com/v1/chat/completions "HTTP/1.1 200 OK"
[2026-06-18 11:33:21,249: INFO: _client]: HTTP Request: POST https://integrate.api.nvidia.com/v1/chat/completions "HTTP/1.1 200 OK"
[2026-06-18 11:33:24,590: INFO: _client]: HTTP Request: POST https://integrate.api.nvidia.com/v1/chat/completions "HTTP/1.1 200 OK"
[2026-06-18 11:33:29,853: INFO: _client]: HTTP Request: POST https://integrate.api.nvidia.com/v1/chat/completions "HTTP/1.1 200 OK"
[2026-06-18 11:33:32,460: INFO: _client]: HTTP Request: POST https://integrate.api.nvidia.com/v1/chat/completions "HTTP/1.1 200 OK"
[2026-06-18 11:33:35,279: INFO: _client]: HTTP Request: POST https://integrate.api.nvidia.com/v1/chat/completions "HTTP/1.1 200 OK"
[2026-06-18 11:33:37,551: INFO: _client]: HTTP Request: POST https://integrate.api.nvidia.com/v1/chat/completions "HTTP/1.1 200 OK"
[2026-06-18 11:33:41,116: INFO: _client]: HTTP Request: POST https://integrate.api.nvidia.com/v1/chat/completions "HTTP/1.1 200 OK"
[2026-06-18 11:33:43,082: INFO: _client]: HTTP Request: POST https://integrate.api.nvidia.com/v1/chat/completions "HTTP/1.1 200 OK"
[2026-06-18 11:33:45,314: INFO: _client]: HTTP Request: POST https://integrate.api.nvidia.com/v1/chat/completions "HTTP/1.1 200 OK"
[2026-06-18 11:33:48,113: INFO: _client]: HTTP Request: POST https://integrate.api.nvidia.com/v1/chat/completions "HTTP/1.1 200 OK"
[2026-06-18 11:33:52,987: INFO: _client]: HTTP Request: POST https://integrate.api.nvidia.com/v1/chat/completions "HTTP/1.1 200 OK"
[2026-06-18 11:33:54,903: INFO: _client]: HTTP Request: POST https://integrate.api.nvidia.com/v1/chat/completions "HTTP/1.1 200 OK"
[2026-06-18 11:33:58,254: INFO: _client]: HTTP Request: POST https://integrate.api.nvidia.com/v1/chat/completions "HTTP/1.1 200 OK"
[2026-06-18 11:33:59,753: INFO: _client]: HTTP Request: POST https://integrate.api.nvidia.com/v1/chat/completions "HTTP/1.1 200 OK"
[2026-06-18 11:34:07,073: INFO: _client]: HTTP Request: POST https://integrate.api.nvidia.com/v1/chat/completions "HTTP/1.1 200 OK"
[2026-06-18 11:34:08,226: INFO: _client]: HTTP Request: POST https://integrate.api.nvidia.com/v1/chat/completions "HTTP/1.1 200 OK"
[2026-06-18 11:34:13,986: INFO: _client]: HTTP Request: POST https://integrate.api.nvidia.com/v1/chat/completions "HTTP/1.1 200 OK"
[2026-06-18 11:34:14,530: INFO: lib]: response: https://en.wikipedia.org/w/api.php?action=opensearch&profile=fuzzy&limit=1&search=Who%20invented%20machine%20learning%20in%201895%3F 200
[2026-06-18 11:34:15,623: INFO: lib]: response: https://grokipedia.com/api/typeahead?query=Who+invented+machine+learning+in+1895%3F&limit=1 200
[2026-06-18 11:34:16,975: INFO: lib]: response: https://yandex.com/search/site/?text=Who+invented+machine+learning+in+1895%3F&web=1&searchid=5927122 200
[2026-06-18 11:34:22,919: INFO: _client]: HTTP Request: POST https://integrate.api.nvidia.com/v1/chat/completions "HTTP/1.1 200 OK"
[2026-06-18 11:34:29,552: INFO: _client]: HTTP Request: POST https://integrate.api.nvidia.com/v1/chat/completions "HTTP/1.1 200 OK"
[2026-06-18 11:34:33,544: INFO: _client]: HTTP Request: POST https://integrate.api.nvidia.com/v1/chat/completions "HTTP/1.1 200 OK"
[2026-06-18 11:34:35,900: INFO: _client]: HTTP Request: POST https://integrate.api.nvidia.com/v1/chat/completions "HTTP/1.1 200 OK"
[2026-06-18 11:34:38,152: INFO: _client]: HTTP Request: POST https://integrate.api.nvidia.com/v1/chat/completions "HTTP/1.1 200 OK"
[2026-06-18 11:34:42,705: INFO: _client]: HTTP Request: POST https://integrate.api.nvidia.com/v1/chat/completions "HTTP/1.1 200 OK"
[2026-06-18 11:34:44,808: INFO: _client]: HTTP Request: POST https://integrate.api.nvidia.com/v1/chat/completions "HTTP/1.1 200 OK"
[2026-06-18 11:34:47,184: INFO: _client]: HTTP Request: POST https://integrate.api.nvidia.com/v1/chat/completions "HTTP/1.1 200 OK"
[2026-06-18 11:34:49,969: INFO: _client]: HTTP Request: POST https://integrate.api.nvidia.com/v1/chat/completions "HTTP/1.1 200 OK"
[2026-06-18 11:34:55,243: INFO: _client]: HTTP Request: POST https://integrate.api.nvidia.com/v1/chat/completions "HTTP/1.1 200 OK"
[2026-06-18 11:34:58,224: INFO: _client]: HTTP Request: POST https://integrate.api.nvidia.com/v1/chat/completions "HTTP/1.1 200 OK"
[2026-06-18 11:35:00,270: INFO: _client]: HTTP Request: POST https://integrate.api.nvidia.com/v1/chat/completions "HTTP/1.1 200 OK"
[2026-06-18 11:35:01,971: INFO: _client]: HTTP Request: POST https://integrate.api.nvidia.com/v1/chat/completions "HTTP/1.1 200 OK"
[2026-06-18 11:35:10,203: INFO: _client]: HTTP Request: POST https://integrate.api.nvidia.com/v1/chat/completions "HTTP/1.1 200 OK"
[2026-06-18 11:35:12,294: INFO: _client]: HTTP Request: POST https://integrate.api.nvidia.com/v1/chat/completions "HTTP/1.1 200 OK"
[2026-06-18 11:35:14,274: INFO: _client]: HTTP Request: POST https://integrate.api.nvidia.com/v1/chat/completions "HTTP/1.1 200 OK"
[2026-06-18 11:35:19,819: INFO: _client]: HTTP Request: POST https://integrate.api.nvidia.com/v1/chat/completions "HTTP/1.1 200 OK"
[2026-06-18 11:35:25,119: INFO: _client]: HTTP Request: POST https://integrate.api.nvidia.com/v1/chat/completions "HTTP/1.1 200 OK"
[2026-06-18 11:35:26,792: INFO: _client]: HTTP Request: POST https://integrate.api.nvidia.com/v1/chat/completions "HTTP/1.1 200 OK"
[2026-06-18 11:35:29,397: INFO: _client]: HTTP Request: POST https://integrate.api.nvidia.com/v1/chat/completions "HTTP/1.1 200 OK"
[2026-06-18 11:35:32,628: INFO: _client]: HTTP Request: POST https://integrate.api.nvidia.com/v1/chat/completions "HTTP/1.1 200 OK"
[2026-06-18 11:35:39,267: INFO: _client]: HTTP Request: POST https://integrate.api.nvidia.com/v1/chat/completions "HTTP/1.1 200 OK"
[2026-06-18 11:35:41,094: INFO: _client]: HTTP Request: POST https://integrate.api.nvidia.com/v1/chat/completions "HTTP/1.1 200 OK"
[2026-06-18 11:35:43,154: INFO: _client]: HTTP Request: POST https://integrate.api.nvidia.com/v1/chat/completions "HTTP/1.1 200 OK"
[2026-06-18 11:35:44,944: INFO: _client]: HTTP Request: POST https://integrate.api.nvidia.com/v1/chat/completions "HTTP/1.1 200 OK"
[2026-06-18 11:35:54,030: INFO: _client]: HTTP Request: POST https://integrate.api.nvidia.com/v1/chat/completions "HTTP/1.1 200 OK"
